Changed directory
Activated virtual enviornment
Phase 1 Epoch 1 / 5
 Train Loss: 5.896948575825361 | Train Accuracy: 0.13493618851871325
 Validation Loss: 7.606319599664728 | Validation Accuracy: 0.008406893652795292
Phase 1 Epoch 2 / 5
 Train Loss: 3.785725114678432 | Train Accuracy: 0.5060943549543521
 Validation Loss: 8.037442173663184 | Validation Accuracy: 0.012189995796553174
Phase 1 Epoch 3 / 5
 Train Loss: 2.689307806819035 | Train Accuracy: 0.685340088905884
 Validation Loss: 8.825413279795958 | Validation Accuracy: 0.014712063892391762
Phase 1 Epoch 4 / 5
 Train Loss: 2.039893637582817 | Train Accuracy: 0.7752019501935854
 Validation Loss: 9.303081088328673 | Validation Accuracy: 0.014712063892391762
Phase 1 Epoch 5 / 5
 Train Loss: 1.5810380103933293 | Train Accuracy: 0.8316524066727212
 Validation Loss: 9.525474706684255 | Validation Accuracy: 0.014291719209751997
Phase 2 Epoch 1 / 10
 Train Loss: 0.616743925680913 | Train Accuracy: 0.8828927871516657
 Validation Loss: 16.098839425900344 | Validation Accuracy: 0.01639344262295082
Phase 2 Epoch 2 / 10
 Train Loss: 0.37218372075845235 | Train Accuracy: 0.9218488599971321
 Validation Loss: 17.246928374974754 | Validation Accuracy: 0.01639344262295082
Phase 2 Epoch 3 / 10
 Train Loss: 0.2691102942390313 | Train Accuracy: 0.9447445150805411
 Validation Loss: 18.097203294386027 | Validation Accuracy: 0.016813787305590584
Phase 2 Epoch 4 / 10
 Train Loss: 0.19260592394905104 | Train Accuracy: 0.9609483294297596
 Validation Loss: 18.92098959417291 | Validation Accuracy: 0.017234131988230348
Phase 2 Epoch 5 / 10
 Train Loss: 0.14152442589298922 | Train Accuracy: 0.973328234788012
 Validation Loss: 19.48249733272647 | Validation Accuracy: 0.016813787305590584
Phase 2 Epoch 6 / 10
 Train Loss: 0.11267961074779893 | Train Accuracy: 0.9789207016872998
 Validation Loss: 20.071901355084375 | Validation Accuracy: 0.017234131988230348
Phase 2 Epoch 7 / 10
 Train Loss: 0.08882844045984033 | Train Accuracy: 0.9854213469719421
 Validation Loss: 20.388718037005983 | Validation Accuracy: 0.017234131988230348
Phase 2 Epoch 8 / 10
 Train Loss: 0.0729786998171951 | Train Accuracy: 0.9877634912289087
 Validation Loss: 20.774095524053905 | Validation Accuracy: 0.017654476670870115
Phase 2 Epoch 9 / 10
 Train Loss: 0.05743597228710205 | Train Accuracy: 0.9908226184216815
 Validation Loss: 21.246600134626263 | Validation Accuracy: 0.017654476670870115
Phase 2 Epoch 10 / 10
 Train Loss: 0.04755814706002197 | Train Accuracy: 0.9938817456144544
 Validation Loss: 21.332329115480775 | Validation Accuracy: 0.017654476670870115
Model saved successfully to pokenet.pth
Training complete
